<?xml version="1.0" encoding="UTF-8"?>
<!-- Generated by org.testng.reporters.JUnitReportReporter -->
<testsuite hostname="DESKTOP-JPLA97H" failures="1" tests="10" name="com.Tests.LoginTest" time="286.154" errors="0" timestamp="2023-10-19T09:47:52 IST" skipped="0">
  <testcase classname="com.Tests.LoginTest" name="ValidateLoginPageLogo" time="27.448"/>
  <system-out/>
  <testcase classname="com.Tests.LoginTest" name="ValidateLoginPageTitle" time="22.391"/>
  <system-out/>
  <testcase classname="com.Tests.LoginTest" name="ValidateLoginPageURL" time="25.486"/>
  <system-out/>
  <testcase classname="com.Tests.LoginTest" name="LoginWithValidCredential" time="35.725"/>
  <system-out/>
  <testcase classname="com.Tests.LoginTest" name="LoginWithInvalidCredential" time="30.122"/>
  <system-out/>
  <testcase classname="com.Tests.LoginTest" name="LoginWithBlankCredentials" time="36.140"/>
  <system-out/>
  <testcase classname="com.Tests.LoginTest" name="LoginWithUserNameOnly" time="22.943"/>
  <system-out/>
  <testcase classname="com.Tests.LoginTest" name="LoginWithEnterPasswordOnly" time="27.716"/>
  <system-out/>
  <testcase classname="com.Tests.LoginTest" name="ValidateForgottenPasswordLink" time="30.524"/>
  <system-out/>
  <testcase classname="com.Tests.LoginTest" name="ValidateOrangeHRMIncLink" time="27.659">
    <failure message="expected [https://www.orangehrm.com/] but found [https://opensource-demo.orangehrmlive.com/web/index.php/auth/login]" type="java.lang.AssertionError">
      <![CDATA[java.lang.AssertionError: expected [https://www.orangehrm.com/] but found [https://opensource-demo.orangehrmlive.com/web/index.php/auth/login]
at org.testng.Assert.fail(Assert.java:110)
at org.testng.Assert.failNotEquals(Assert.java:1577)
at org.testng.Assert.assertEqualsImpl(Assert.java:149)
at org.testng.Assert.assertEquals(Assert.java:131)
at org.testng.Assert.assertEquals(Assert.java:655)
at org.testng.Assert.assertEquals(Assert.java:665)
at com.Tests.LoginTest.ValidateOrangeHRMIncLink(LoginTest.java:150)
at java.base/jdk.internal.reflect.NativeMethodAccessorImpl.invoke0(Native Method)
at java.base/jdk.internal.reflect.NativeMethodAccessorImpl.invoke(NativeMethodAccessorImpl.java:77)
at java.base/jdk.internal.reflect.DelegatingMethodAccessorImpl.invoke(DelegatingMethodAccessorImpl.java:43)
at java.base/java.lang.reflect.Method.invoke(Method.java:568)
at org.testng.internal.invokers.MethodInvocationHelper.invokeMethod(MethodInvocationHelper.java:139)
at org.testng.internal.invokers.TestInvoker.invokeMethod(TestInvoker.java:677)
at org.testng.internal.invokers.TestInvoker.invokeTestMethod(TestInvoker.java:221)
at org.testng.internal.invokers.MethodRunner.runInSequence(MethodRunner.java:50)
at org.testng.internal.invokers.TestInvoker$MethodInvocationAgent.invoke(TestInvoker.java:969)
at org.testng.internal.invokers.TestInvoker.invokeTestMethods(TestInvoker.java:194)
at org.testng.internal.invokers.TestMethodWorker.invokeTestMethods(TestMethodWorker.java:148)
at org.testng.internal.invokers.TestMethodWorker.run(TestMethodWorker.java:128)
at java.base/java.util.ArrayList.forEach(ArrayList.java:1511)
at org.testng.TestRunner.privateRun(TestRunner.java:829)
at org.testng.TestRunner.run(TestRunner.java:602)
at org.testng.SuiteRunner.runTest(SuiteRunner.java:437)
at org.testng.SuiteRunner.runSequentially(SuiteRunner.java:431)
at org.testng.SuiteRunner.privateRun(SuiteRunner.java:391)
at org.testng.SuiteRunner.run(SuiteRunner.java:330)
at org.testng.SuiteRunnerWorker.runSuite(SuiteRunnerWorker.java:52)
at org.testng.SuiteRunnerWorker.run(SuiteRunnerWorker.java:95)
at org.testng.TestNG.runSuitesSequentially(TestNG.java:1256)
at org.testng.TestNG.runSuitesLocally(TestNG.java:1176)
at org.testng.TestNG.runSuites(TestNG.java:1099)
at org.testng.TestNG.run(TestNG.java:1067)
at org.testng.remote.AbstractRemoteTestNG.run(AbstractRemoteTestNG.java:115)
at org.testng.remote.RemoteTestNG.initAndRun(RemoteTestNG.java:251)
at org.testng.remote.RemoteTestNG.main(RemoteTestNG.java:77)
]]>
    </failure>
  </testcase> <!-- ValidateOrangeHRMIncLink -->
  <system-out/>
</testsuite> <!-- com.Tests.LoginTest -->
