<?xml version="1.0" encoding="UTF-8"?>
<!-- Generated by org.testng.reporters.JUnitReportReporter -->
<testsuite hostname="DESKTOP-JPLA97H" failures="0" tests="1" name="com.Tests.HomeTest" time="71.440" errors="0" timestamp="2023-10-25T21:14:38 IST" skipped="0">
  <testcase classname="com.Tests.HomeTest" name="ValidateClickedOnPIM_Module" time="71.440"/>
  <system-out/>
</testsuite> <!-- com.Tests.HomeTest -->
