<?xml version="1.0" encoding="UTF-8"?>
<!-- Generated by org.testng.reporters.JUnitReportReporter -->
<testsuite hostname="DESKTOP-JPLA97H" failures="0" tests="1" name="com.Tests.HomeTest" time="124.838" errors="0" timestamp="2023-10-20T13:26:11 IST" skipped="0">
  <testcase classname="com.Tests.HomeTest" name="ValidateClickedOnPerformance_Module" time="124.838"/>
  <system-out/>
</testsuite> <!-- com.Tests.HomeTest -->
