<?xml version="1.0" encoding="UTF-8"?>
<!-- Generated by org.testng.reporters.JUnitReportReporter -->
<testsuite hostname="DESKTOP-JPLA97H" failures="0" tests="1" name="com.Tests.HomeDashboardTest" time="53.770" errors="0" timestamp="2023-10-20T06:27:21 IST" skipped="0">
  <testcase classname="com.Tests.HomeDashboardTest" name="ValidateHomePageURL" time="53.770"/>
  <system-out/>
</testsuite> <!-- com.Tests.HomeDashboardTest -->
