<?xml version="1.0" encoding="UTF-8"?>
<!-- Generated by org.testng.reporters.JUnitReportReporter -->
<testsuite hostname="DESKTOP-JPLA97H" failures="0" tests="1" name="com.Tests.ForgottenPasswordTest" time="103.653" errors="0" timestamp="2023-10-20T13:08:14 IST" skipped="0">
  <testcase classname="com.Tests.ForgottenPasswordTest" name="ValidateRessetPasswordWithInValidateCredentials" time="103.653"/>
  <system-out/>
</testsuite> <!-- com.Tests.ForgottenPasswordTest -->
