<?xml version="1.0" encoding="UTF-8"?>
<!-- Generated by org.testng.reporters.JUnitReportReporter -->
<testsuite hostname="DESKTOP-JPLA97H" failures="0" tests="6" name="com.Tests.ForgottenPasswordTest" time="178.119" errors="0" timestamp="2023-10-20T18:41:27 IST" skipped="0">
  <testcase classname="com.Tests.ForgottenPasswordTest" name="ValidateForgotPassTitle" time="30.361"/>
  <system-out/>
  <testcase classname="com.Tests.ForgottenPasswordTest" name="ValidateForgotPassURL" time="24.490"/>
  <system-out/>
  <testcase classname="com.Tests.ForgottenPasswordTest" name="ValidateRessetPasswordWithValidateCredentials" time="37.630"/>
  <system-out/>
  <testcase classname="com.Tests.ForgottenPasswordTest" name="ValidateRessetPasswordWithInValidateCredentials" time="28.360"/>
  <system-out/>
  <testcase classname="com.Tests.ForgottenPasswordTest" name="ValidateRessetPasswordWithBlankCredentials" time="31.887"/>
  <system-out/>
  <testcase classname="com.Tests.ForgottenPasswordTest" name="ValidateCancleButton" time="25.391"/>
  <system-out/>
</testsuite> <!-- com.Tests.ForgottenPasswordTest -->
