<?xml version="1.0" encoding="UTF-8"?>
<!-- Generated by org.testng.reporters.JUnitReportReporter -->
<testsuite hostname="DESKTOP-JPLA97H" failures="0" tests="1" name="com.Tests.LoginTest" time="74.324" errors="0" timestamp="2023-10-25T15:25:44 IST" skipped="0">
  <testcase classname="com.Tests.LoginTest" name="LoginWithValidCredential" time="74.324"/>
  <system-out/>
</testsuite> <!-- com.Tests.LoginTest -->
