<?xml version="1.0" encoding="UTF-8"?>
<!-- Generated by org.testng.reporters.JUnitReportReporter -->
<testsuite hostname="DESKTOP-JPLA97H" failures="0" tests="6" name="com.Tests.ForgottenPasswordTest" time="143.765" errors="0" timestamp="2023-10-20T05:54:05 IST" skipped="0">
  <testcase classname="com.Tests.ForgottenPasswordTest" name="ValidateForgotPassTitle" time="20.990"/>
  <system-out/>
  <testcase classname="com.Tests.ForgottenPasswordTest" name="ValidateForgotPassURL" time="21.555"/>
  <system-out/>
  <testcase classname="com.Tests.ForgottenPasswordTest" name="ValidateRessetPasswordWithValidateCredentials" time="23.095"/>
  <system-out/>
  <testcase classname="com.Tests.ForgottenPasswordTest" name="ValidateRessetPasswordWithInValidateCredentials" time="33.770"/>
  <system-out/>
  <testcase classname="com.Tests.ForgottenPasswordTest" name="ValidateRessetPasswordWithBlankCredentials" time="20.634"/>
  <system-out/>
  <testcase classname="com.Tests.ForgottenPasswordTest" name="ValidateCancleButton" time="23.721"/>
  <system-out/>
</testsuite> <!-- com.Tests.ForgottenPasswordTest -->
